<?xml version="1.0" encoding="UTF-8"?>
<!-- Generated by org.testng.reporters.JUnitXMLReporter -->
<testsuite hostname="Tester" name="Default test" tests="3" failures="0" timestamp="31 May 2020 18:31:42 GMT" time="48.46" errors="0">
  <testcase name="loginTest" time="4.636" classname="com.atp.qa.Tests.LogInPagetest"/>
  <testcase name="logoVerifyTest" time="0.08" classname="com.atp.qa.Tests.LogInPagetest"/>
  <testcase name="verifyTitle" time="0.011" classname="com.atp.qa.Tests.LogInPagetest"/>
</testsuite> <!-- Default test -->
