<?xml version="1.0" encoding="UTF-8"?>
<!-- Generated by org.testng.reporters.JUnitXMLReporter -->
<testsuite hostname="Tester" name="Test" tests="3" failures="0" timestamp="23 May 2020 22:53:55 GMT" time="79.712" errors="0">
  <testcase name="homepageButton" time="2.745" classname="com.atp.qa.Tests.MyAccountPageTest"/>
  <testcase name="orderHystoryButton" time="1.6" classname="com.atp.qa.Tests.MyAccountPageTest"/>
  <testcase name="verifyMyaccountTitle" time="0.029" classname="com.atp.qa.Tests.MyAccountPageTest"/>
</testsuite> <!-- Test -->
